
2025-10-24 14:16:10.231256 - POST request received
Content-Type: application/x-www-form-urlencoded
Form data: {'username': 'Haftom', 'email': 'haftomgiday19@gmail.com', 'phone_number': '0914649973', 'password': '123456'}

2025-10-24 14:16:18.678618 - POST request received
Content-Type: application/x-www-form-urlencoded
Form data: {'username': 'Haftom', 'email': 'haftomgiday19@gmail.com', 'phone_number': '0914649973', 'password': '123456'}

2025-10-24 14:16:51.318017 - POST request received
Content-Type: application/x-www-form-urlencoded
Form data: {'username': 'Haftom', 'email': 'haftomgiday19@gmail.com', 'phone_number': '+251914649973', 'password': '123456'}

2025-10-24 14:17:03.151469 - POST request received
Content-Type: application/x-www-form-urlencoded
Form data: {'username': 'Haftom', 'email': 'haftomgiday19@gmail.com', 'phone_number': '0914649973', 'password': '123456'}

2025-10-24 14:21:14.233258 - POST request received
Content-Type: application/x-www-form-urlencoded
Form data: {'username': 'Haftom', 'email': 'haftomdreamer@gmail.com', 'phone_number': '0914649973', 'password': '123456'}

2025-10-24 14:21:53.372503 - POST request received
Content-Type: application/x-www-form-urlencoded
Form data: {'username': 'Haftom', 'email': 'haftomdreamer@gmail.com', 'phone_number': '0914649974', 'password': '123456'}

2025-10-24 14:23:10.570452 - POST request received
Content-Type: application/x-www-form-urlencoded
Form data: {'username': 'Haftom', 'email': 'haftomdreamer@gmail.com', 'phone_number': '0914649974', 'password': '123456', 'verification_code': '654321'}

2025-10-24 14:23:29.771784 - POST request received
Content-Type: application/x-www-form-urlencoded
Form data: {'username': 'Haftom', 'email': 'haftomdreamer@gmail.com', 'phone_number': '0914649974', 'password': '123456', 'verification_code': '061520'}

2025-10-24 14:23:45.440814 - POST request received
Content-Type: application/x-www-form-urlencoded
Form data: {'username': 'Haftom', 'email': 'haftomdreamer@gmail.com', 'phone_number': '0914649974', 'password': '123456', 'verification_code': '061520'}

2025-10-24 14:23:48.775955 - POST request received
Content-Type: application/x-www-form-urlencoded
Form data: {'username': 'Haftom', 'email': 'haftomdreamer@gmail.com', 'phone_number': '0914649974', 'password': '123456', 'verification_code': '061520'}

2025-10-24 14:27:19.105291 - POST request received
Content-Type: application/x-www-form-urlencoded
Form data: {'username': 'Haftom', 'email': 'haftomdreamer@gmail.com', 'phone_number': '0914649974', 'password': '123456', 'verification_code': '061520'}

2025-10-24 14:45:10.158581 - POST request received
Content-Type: application/x-www-form-urlencoded
Form data: {'username': 'Haftom', 'email': 'haftomdreamer@gmail.com', 'phone_number': '0914649973', 'password': '123456'}

2025-10-24 14:45:27.525078 - POST request received
Content-Type: application/x-www-form-urlencoded
Form data: {'username': 'Haftom', 'email': 'haftomdreamer@gmail.com', 'phone_number': '0914178841', 'password': '123456'}

2025-10-24 14:46:40.807221 - POST request received
Content-Type: application/x-www-form-urlencoded
Form data: {'username': 'Haftom', 'email': 'haftomdreamer@gmail.com', 'phone_number': '0914178841', 'password': '123456', 'verification_code': '492845'}

2025-10-24 14:46:52.542854 - POST request received
Content-Type: application/x-www-form-urlencoded
Form data: {'username': 'Haftom', 'email': 'haftomdreamer@gmail.com', 'phone_number': '0914178841', 'password': '123456', 'verification_code': '492845'}

2025-10-24 14:47:21.006630 - POST request received
Content-Type: application/x-www-form-urlencoded
Form data: {'username': 'Haftom', 'email': 'haftomdreamer@gmail.com', 'phone_number': '0914141414', 'password': '123456'}

2025-10-24 14:47:47.043441 - POST request received
Content-Type: application/x-www-form-urlencoded
Form data: {'username': 'Haftom', 'email': 'haftomdreamer@gmail.com', 'phone_number': '0914141414', 'password': '123456', 'verification_code': '128111'}

2025-10-24 15:03:05.348786 - POST request received
Content-Type: application/x-www-form-urlencoded
Form data: {'username': 'Haftom', 'email': 'haftomdreamer@gmail.com', 'phone_number': '0914649973', 'password': '123456'}

2025-10-24 15:03:41.996797 - POST request received
Content-Type: application/x-www-form-urlencoded
Form data: {'username': 'Haftom', 'email': 'haftomdreamer@gmail.com', 'phone_number': '0914649973', 'password': '123456', 'verification_code': '503703'}

2025-10-24 15:03:49.589474 - POST request received
Content-Type: application/x-www-form-urlencoded
Form data: {'username': 'Haftom', 'email': 'haftomdreamer@gmail.com', 'phone_number': '0914649973', 'password': '123456', 'verification_code': '503703'}

2025-10-24 19:25:36.702675 - POST request received
Content-Type: application/x-www-form-urlencoded
Form data: {'username': 'TestUser', 'email': 'test@example.com', 'phone_number': '123456789', 'password': 'testpass123'}

2025-10-24 19:29:04.070892 - POST request received
Content-Type: application/x-www-form-urlencoded
Form data: {'username': 'TestUser', 'email': 'test@example.com', 'phone_number': '123456789', 'password': 'testpass123'}

2025-10-24 19:37:59.178572 - POST request received
Content-Type: application/x-www-form-urlencoded
Form data: {'username': 'Haftom', 'email': 'haftomdreamer@gmail.com', 'phone_number': '0914649973', 'password': '123456'}

2025-10-24 19:39:27.974587 - POST request received
Content-Type: application/x-www-form-urlencoded
Form data: {'username': 'Haftom', 'email': 'haftomdreamer@gmail.com', 'phone_number': '0914649973', 'password': '123456', 'verification_code': '244691'}

2025-10-24 19:39:38.606420 - POST request received
Content-Type: application/x-www-form-urlencoded
Form data: {'username': 'Haftom', 'email': 'haftomdreamer@gmail.com', 'phone_number': '0914649973', 'password': '123456', 'verification_code': '244691'}

2025-10-24 19:41:03.661838 - POST request received
Content-Type: application/x-www-form-urlencoded
Form data: {'username': 'Haftom', 'email': 'haftomdreamer@gmail.com', 'phone_number': '0914649973', 'password': '123456', 'verification_code': '244691'}

2025-10-25 09:20:05.037874 - POST request received
Content-Type: application/x-www-form-urlencoded
Form data: {'username': 'Haftom', 'email': 'haftomdreamer@gmail.com', 'phone_number': '914649973', 'password': '123456'}

2025-10-25 09:22:37.167035 - POST request received
Content-Type: application/x-www-form-urlencoded
Form data: {'username': 'Haftom', 'email': 'haftomdreamer@gmail.com', 'phone_number': '914649973', 'password': '123456', 'verification_code': '309964'}

2025-10-25 09:22:59.929212 - POST request received
Content-Type: application/x-www-form-urlencoded
Form data: {'username': 'Haftom', 'email': 'haftomdreamer@gmail.com', 'phone_number': '914178833', 'password': '123456'}

2025-10-25 09:23:18.812958 - POST request received
Content-Type: application/x-www-form-urlencoded
Form data: {'username': 'Haftom', 'email': 'haftomdreamer@gmail.com', 'phone_number': '914178833', 'password': '123456', 'verification_code': '810224'}

2025-10-25 09:24:08.564971 - POST request received
Content-Type: application/x-www-form-urlencoded
Form data: {'username': 'Haftom', 'email': 'haftomdreamer@gmail.com', 'phone_number': '914178833', 'password': '123456', 'verification_code': '810224'}

2025-10-25 09:24:32.512012 - POST request received
Content-Type: application/x-www-form-urlencoded
Form data: {'username': 'Haftom', 'email': 'haftomdreamer@gmail.com', 'phone_number': '914178833', 'password': '123456', 'verification_code': '810224'}

2025-10-25 09:24:53.080818 - POST request received
Content-Type: application/x-www-form-urlencoded
Form data: {'username': 'Haftom', 'email': 'haftomdreamer@gmail.com', 'phone_number': '914178833', 'password': '123456', 'verification_code': '810224'}

2025-10-25 12:04:30.105287 - POST request received
Content-Type: application/x-www-form-urlencoded
Form data: {'username': 'Haftom', 'email': 'haftomdreamer@gmail.com', 'phone_number': '914649973', 'password': '123456'}

2025-10-25 12:05:16.013886 - POST request received
Content-Type: application/x-www-form-urlencoded
Form data: {'username': 'Haftom', 'email': 'haftomdreamer@gmail.com', 'phone_number': '914649979', 'password': '123456'}

2025-10-25 12:06:02.686845 - POST request received
Content-Type: application/x-www-form-urlencoded
Form data: {'username': 'Haftom', 'email': 'haftomdreamer@gmail.com', 'phone_number': '914649979', 'password': '123456', 'verification_code': '538881'}

2025-10-25 12:06:16.815439 - POST request received
Content-Type: application/x-www-form-urlencoded
Form data: {'username': 'Haftom', 'email': 'haftomdreamer@gmail.com', 'phone_number': '914649979', 'password': '123456', 'verification_code': '538881'}

2025-10-25 12:11:05.466986 - POST request received
Content-Type: application/x-www-form-urlencoded
Form data: {'username': 'Haftom', 'email': 'haftomdreamer@gmail.com', 'phone_number': '914649979', 'password': '123456'}

2025-10-25 12:11:49.323667 - POST request received
Content-Type: application/x-www-form-urlencoded
Form data: {'username': 'Haftom', 'email': 'haftomdreamer@gmail.com', 'phone_number': '914649979', 'password': '123456', 'verification_code': '262764'}

2025-10-25 12:11:56.613105 - POST request received
Content-Type: application/x-www-form-urlencoded
Form data: {'username': 'Haftom', 'email': 'haftomdreamer@gmail.com', 'phone_number': '914649979', 'password': '123456', 'verification_code': '262764'}

2025-10-25 12:58:35.401332 - POST request received
Content-Type: application/x-www-form-urlencoded
Form data: {'username': 'Haftom', 'email': 'haftomdreamer@gmail.com', 'phone_number': '914178841', 'password': '123456'}

2025-10-25 12:59:37.028186 - POST request received
Content-Type: application/x-www-form-urlencoded
Form data: {'username': 'Haftom', 'email': 'haftomgiday19@gmail.com', 'phone_number': '914178841', 'password': '123456'}

2025-10-25 13:00:53.826858 - POST request received
Content-Type: application/x-www-form-urlencoded
Form data: {'username': 'Haftom', 'email': 'haftomgiday19@gmail.com', 'phone_number': '914178841', 'password': '123456', 'verification_code': '283960'}

2025-10-25 13:01:11.924824 - POST request received
Content-Type: application/x-www-form-urlencoded
Form data: {'username': 'Haftom', 'email': 'haftomgiday19@gmail.com', 'phone_number': '914178841', 'password': '123456', 'verification_code': '283960'}

2025-10-30 10:45:13.358129 - POST request received
Content-Type: application/x-www-form-urlencoded
Form data: {'username': 'Dreamer', 'email': 'haftomgiday19@gmail.com', 'phone_number': '914649972', 'password': '123456'}

2025-10-30 11:12:17.190606 - POST request received
Content-Type: application/x-www-form-urlencoded
Form data: {'username': 'Dreamer', 'email': 'haftomdreamer@gmail.com', 'phone_number': '914649973', 'password': '123456'}

2025-10-30 11:13:04.570091 - POST request received
Content-Type: application/x-www-form-urlencoded
Form data: {'username': 'Dreamer', 'email': 'haftomdreamer@gmail.com', 'phone_number': '914649973', 'password': '123456', 'verification_code': '282833'}

2025-10-30 11:13:23.689733 - POST request received
Content-Type: application/x-www-form-urlencoded
Form data: {'username': 'Dreamer', 'email': 'haftomdreamer@gmail.com', 'phone_number': '914649973', 'password': '123456', 'verification_code': '088923'}

2025-10-30 23:14:22.640454 - POST request received
Content-Type: application/x-www-form-urlencoded
Form data: {'username': 'Haftom', 'email': 'haftomgiday19@gmail.com', 'phone_number': '914178841', 'password': '123456'}

2025-10-30 23:15:09.111335 - POST request received
Content-Type: application/x-www-form-urlencoded
Form data: {'username': 'Haftom', 'email': 'haftomgiday19@gmail.com', 'phone_number': '914178841', 'password': '123456', 'verification_code': '425727'}
